<?xml version="1.0" encoding="UTF-8"?>
<testsuite xmlns:xsi="http://www.w3.org/2001/XMLSchema-instance"
           xsi:noNamespaceSchemaLocation="https://maven.apache.org/surefire/maven-failsafe-plugin/xsd/failsafe-test-report.xsd"
           name="Test" time="108.543" tests="114" errors="0" skipped="0" failures="0">
    <properties>
        <property name="some_property" value="some_value"/>
    </properties>
    <testcase name="testCase1" classname="TestCase" time="1.111"/>
    <testcase name="testCase2" classname="TestCase" time="2.222">
        <failure message="someMessage" type="someType">failure details</failure>
    </testcase>
    <testcase name="testCase3" classname="TestCase" time="2.333">
        <error message="someMessage" type="someType">error details</error>
    </testcase>
    <testcase name="testCase4" classname="TestCase" time="3.333">
        <skipped message="Some reason"/>
    </testcase>
</testsuite>
